<?xml version="1.0" encoding="UTF-8"?>
<testng-results ignored="0" total="1" passed="1" failed="0" skipped="0">
  <reporter-output>
  </reporter-output>
  <suite started-at="2024-01-17T22:33:02 WAT" name="Surefire suite" finished-at="2024-01-17T22:33:03 WAT" duration-ms="769">
    <groups>
    </groups>
    <test started-at="2024-01-17T22:33:02 WAT" name="Surefire test" finished-at="2024-01-17T22:33:03 WAT" duration-ms="769">
      <class name="dev.djob.id.AppTest">
        <test-method signature="shouldAnswerWithTrue()" started-at="2024-01-17T22:33:02 WAT" name="shouldAnswerWithTrue" finished-at="2024-01-17T22:33:02 WAT" duration-ms="7" status="PASS">
          <reporter-output>
          </reporter-output>
        </test-method> <!-- shouldAnswerWithTrue -->
      </class> <!-- dev.djob.id.AppTest -->
    </test> <!-- Surefire test -->
  </suite> <!-- Surefire suite -->
</testng-results>
